+ /var/lib/waagent/Microsoft.Azure.Extensions.CustomScript-2.1.13/bin/custom-script-extension-arm64 install
time=2025-02-21T18:44:00Z version=v2.1.12/git@4636e53-dirty operation=install seq=0 event=start
time=2025-02-21T18:44:00Z version=v2.1.12/git@4636e53-dirty operation=install seq=0 status="not reported for operation (by design)"
time=2025-02-21T18:44:00Z version=v2.1.12/git@4636e53-dirty operation=install seq=0 event="created data dir" path=/var/lib/waagent/custom-script
time=2025-02-21T18:44:00Z version=v2.1.12/git@4636e53-dirty operation=install seq=0 event=installed
time=2025-02-21T18:44:00Z version=v2.1.12/git@4636e53-dirty operation=install seq=0 status="not reported for operation (by design)"
time=2025-02-21T18:44:00Z version=v2.1.12/git@4636e53-dirty operation=install seq=0 event=end
Writing a placeholder status file indicating progress before forking: /var/lib/waagent/Microsoft.Azure.Extensions.CustomScript-2.1.13/status/0.status
+ nohup /var/lib/waagent/Microsoft.Azure.Extensions.CustomScript-2.1.13/bin/custom-script-extension-arm64 enable
time=2025-02-21T18:44:02Z version=v2.1.12/git@4636e53-dirty operation=enable seq=0 event=start
time=2025-02-21T18:44:02Z version=v2.1.12/git@4636e53-dirty operation=enable seq=0 event=pre-check
time=2025-02-21T18:44:02Z version=v2.1.12/git@4636e53-dirty operation=enable seq=0 event="comparing seqnum" path=mrseq
time=2025-02-21T18:44:02Z version=v2.1.12/git@4636e53-dirty operation=enable seq=0 event="seqnum saved" path=mrseq
time=2025-02-21T18:44:02Z version=v2.1.12/git@4636e53-dirty operation=enable seq=0 event="reading configuration"
time=2025-02-21T18:44:02Z version=v2.1.12/git@4636e53-dirty operation=enable seq=0 event="read configuration"
time=2025-02-21T18:44:02Z version=v2.1.12/git@4636e53-dirty operation=enable seq=0 event="validating json schema"
time=2025-02-21T18:44:02Z version=v2.1.12/git@4636e53-dirty operation=enable seq=0 event="json schema valid"
time=2025-02-21T18:44:02Z version=v2.1.12/git@4636e53-dirty operation=enable seq=0 event="parsing configuration json"
time=2025-02-21T18:44:02Z version=v2.1.12/git@4636e53-dirty operation=enable seq=0 event="parsed configuration json"
time=2025-02-21T18:44:02Z version=v2.1.12/git@4636e53-dirty operation=enable seq=0 event="validating configuration logically"
time=2025-02-21T18:44:02Z version=v2.1.12/git@4636e53-dirty operation=enable seq=0 event="validated configuration"
time=2025-02-21T18:44:02Z version=v2.1.12/git@4636e53-dirty operation=enable seq=0 event="creating output directory" path=/var/lib/waagent/custom-script/download/0
time=2025-02-21T18:44:02Z version=v2.1.12/git@4636e53-dirty operation=enable seq=0 event="created output directory"
time=2025-02-21T18:44:02Z version=v2.1.12/git@4636e53-dirty operation=enable seq=0 files=2
time=2025-02-21T18:44:02Z version=v2.1.12/git@4636e53-dirty operation=enable seq=0 file=0 event="download start"
time=2025-02-21T18:44:02Z version=v2.1.12/git@4636e53-dirty operation=enable seq=0 file=0 retry=0 info="starting download with client request ID dc507530-68b3-4927-ab15-6b86c98390fb"
time=2025-02-21T18:44:03Z version=v2.1.12/git@4636e53-dirty operation=enable seq=0 file=0 retry=0 info="file download sucessful: downloaded and saved 120627200 bytes in 1237 milliseconds"
time=2025-02-21T18:44:03Z version=v2.1.12/git@4636e53-dirty operation=enable seq=0 file=0 event="download complete" output=/var/lib/waagent/custom-script/download/0
time=2025-02-21T18:44:03Z version=v2.1.12/git@4636e53-dirty operation=enable seq=0 file=1 event="download start"
time=2025-02-21T18:44:03Z version=v2.1.12/git@4636e53-dirty operation=enable seq=0 file=1 retry=0 info="starting download with client request ID 04924acc-4c84-47b6-a844-dacdff7c63a7"
time=2025-02-21T18:44:03Z version=v2.1.12/git@4636e53-dirty operation=enable seq=0 file=1 retry=0 info="file download sucessful: downloaded and saved 2759 bytes in 6 milliseconds"
time=2025-02-21T18:44:03Z version=v2.1.12/git@4636e53-dirty operation=enable seq=0 file=1 event="download complete" output=/var/lib/waagent/custom-script/download/0
time=2025-02-21T18:44:03Z version=v2.1.12/git@4636e53-dirty operation=enable seq=0 event="executing command" output=/var/lib/waagent/custom-script/download/0
time=2025-02-21T18:44:03Z version=v2.1.12/git@4636e53-dirty operation=enable seq=0 event="executing protected commandToExecute" output=/var/lib/waagent/custom-script/download/0
time=2025-02-21T18:44:43Z version=v2.1.12/git@4636e53-dirty operation=enable seq=0 event="executed command" output=/var/lib/waagent/custom-script/download/0
time=2025-02-21T18:44:43Z version=v2.1.12/git@4636e53-dirty operation=enable seq=0 event=enabled
time=2025-02-21T18:44:43Z version=v2.1.12/git@4636e53-dirty operation=enable seq=0 event="clearing settings and script files except most recent seq num"
time=2025-02-21T18:44:43Z version=v2.1.12/git@4636e53-dirty operation=enable seq=0 event=end
+ /var/lib/waagent/Microsoft.Azure.Extensions.CustomScript-2.1.13/bin/custom-script-extension-arm64 disable
time=2025-02-21T18:45:10Z version=v2.1.12/git@4636e53-dirty operation=disable seq=0 event=start
time=2025-02-21T18:45:10Z version=v2.1.12/git@4636e53-dirty operation=disable seq=0 event=noop
time=2025-02-21T18:45:10Z version=v2.1.12/git@4636e53-dirty operation=disable seq=0 event=end
+ /var/lib/waagent/Microsoft.Azure.Extensions.CustomScript-2.1.13/bin/custom-script-extension-arm64 uninstall
time=2025-02-21T18:45:12Z version=v2.1.12/git@4636e53-dirty operation=uninstall seq=0 event=start
time=2025-02-21T18:45:12Z version=v2.1.12/git@4636e53-dirty operation=uninstall seq=0 status="not reported for operation (by design)"
time=2025-02-21T18:45:12Z version=v2.1.12/git@4636e53-dirty operation=uninstall seq=0 path=/var/lib/waagent/custom-script event="removing data dir" path=/var/lib/waagent/custom-script
time=2025-02-21T18:45:12Z version=v2.1.12/git@4636e53-dirty operation=uninstall seq=0 path=/var/lib/waagent/custom-script event="removed data dir"
time=2025-02-21T18:45:12Z version=v2.1.12/git@4636e53-dirty operation=uninstall seq=0 path=/var/lib/waagent/custom-script event=uninstalled
time=2025-02-21T18:45:12Z version=v2.1.12/git@4636e53-dirty operation=uninstall seq=0 status="not reported for operation (by design)"
time=2025-02-21T18:45:12Z version=v2.1.12/git@4636e53-dirty operation=uninstall seq=0 event=end
+ /var/lib/waagent/Microsoft.Azure.Extensions.CustomScript-2.1.13/bin/custom-script-extension-arm64 install
time=2025-02-24T20:57:18Z version=v2.1.12/git@4636e53-dirty operation=install seq=0 event=start
time=2025-02-24T20:57:18Z version=v2.1.12/git@4636e53-dirty operation=install seq=0 status="not reported for operation (by design)"
time=2025-02-24T20:57:18Z version=v2.1.12/git@4636e53-dirty operation=install seq=0 event="created data dir" path=/var/lib/waagent/custom-script
time=2025-02-24T20:57:18Z version=v2.1.12/git@4636e53-dirty operation=install seq=0 event=installed
time=2025-02-24T20:57:18Z version=v2.1.12/git@4636e53-dirty operation=install seq=0 status="not reported for operation (by design)"
time=2025-02-24T20:57:18Z version=v2.1.12/git@4636e53-dirty operation=install seq=0 event=end
Writing a placeholder status file indicating progress before forking: /var/lib/waagent/Microsoft.Azure.Extensions.CustomScript-2.1.13/status/0.status
+ nohup /var/lib/waagent/Microsoft.Azure.Extensions.CustomScript-2.1.13/bin/custom-script-extension-arm64 enable
time=2025-02-24T20:57:20Z version=v2.1.12/git@4636e53-dirty operation=enable seq=0 event=start
time=2025-02-24T20:57:20Z version=v2.1.12/git@4636e53-dirty operation=enable seq=0 event=pre-check
time=2025-02-24T20:57:20Z version=v2.1.12/git@4636e53-dirty operation=enable seq=0 event="comparing seqnum" path=mrseq
time=2025-02-24T20:57:20Z version=v2.1.12/git@4636e53-dirty operation=enable seq=0 event="seqnum saved" path=mrseq
time=2025-02-24T20:57:20Z version=v2.1.12/git@4636e53-dirty operation=enable seq=0 event="reading configuration"
time=2025-02-24T20:57:20Z version=v2.1.12/git@4636e53-dirty operation=enable seq=0 event="read configuration"
time=2025-02-24T20:57:20Z version=v2.1.12/git@4636e53-dirty operation=enable seq=0 event="validating json schema"
time=2025-02-24T20:57:20Z version=v2.1.12/git@4636e53-dirty operation=enable seq=0 event="json schema valid"
time=2025-02-24T20:57:20Z version=v2.1.12/git@4636e53-dirty operation=enable seq=0 event="parsing configuration json"
time=2025-02-24T20:57:20Z version=v2.1.12/git@4636e53-dirty operation=enable seq=0 event="parsed configuration json"
time=2025-02-24T20:57:20Z version=v2.1.12/git@4636e53-dirty operation=enable seq=0 event="validating configuration logically"
time=2025-02-24T20:57:20Z version=v2.1.12/git@4636e53-dirty operation=enable seq=0 event="validated configuration"
time=2025-02-24T20:57:20Z version=v2.1.12/git@4636e53-dirty operation=enable seq=0 event="creating output directory" path=/var/lib/waagent/custom-script/download/0
time=2025-02-24T20:57:20Z version=v2.1.12/git@4636e53-dirty operation=enable seq=0 event="created output directory"
time=2025-02-24T20:57:20Z version=v2.1.12/git@4636e53-dirty operation=enable seq=0 files=0
time=2025-02-24T20:57:20Z version=v2.1.12/git@4636e53-dirty operation=enable seq=0 event="executing command" output=/var/lib/waagent/custom-script/download/0
time=2025-02-24T20:57:20Z version=v2.1.12/git@4636e53-dirty operation=enable seq=0 event="executing protected commandToExecute" output=/var/lib/waagent/custom-script/download/0
time=2025-02-24T20:57:20Z version=v2.1.12/git@4636e53-dirty operation=enable seq=0 event="executed command" output=/var/lib/waagent/custom-script/download/0
time=2025-02-24T20:57:20Z version=v2.1.12/git@4636e53-dirty operation=enable seq=0 event=enabled
time=2025-02-24T20:57:20Z version=v2.1.12/git@4636e53-dirty operation=enable seq=0 event="clearing settings and script files except most recent seq num"
time=2025-02-24T20:57:20Z version=v2.1.12/git@4636e53-dirty operation=enable seq=0 event=end
